<?xml version="1.0" encoding="UTF-8"?>
<!-- Generated by org.testng.reporters.JUnitXMLReporter -->
<testsuite ignored="3" hostname="POULINS" failures="1" tests="9" name="Test" time="161.219" errors="0" timestamp="2026-04-26T15:12:31 IST">
  <testcase classname="testscript.LogInTest" name="verifyTheUserisAbleToSignInUsingValidCredentials" time="4.503"/>
  <testcase classname="testscript.ManageNewsTest" name="isAdminAbleToEnterNews" time="4.042"/>
  <testcase classname="testscript.AdminUserTest" name="enterAdminUser" time="9.034">
    <skipped/>
  </testcase> <!-- enterAdminUser -->
  <testcase classname="testscript.AdminUserTest" name="enterAdminUser" time="8.057">
    <skipped/>
  </testcase> <!-- enterAdminUser -->
  <testcase classname="testscript.AdminUserTest" name="enterAdminUser" time="8.95">
    <failure type="org.openqa.selenium.NoSuchElementException" message="no such element: Unable to locate element: {&amp;quot;method&amp;quot;:&amp;quot;xpath&amp;quot;,&amp;quot;selector&amp;quot;:&amp;quot;//div[contains(@class,&amp;apos;alert-success&amp;apos;)]&amp;quot;}
  (Session info: chrome=147.0.7727.57)
For documentation on this error, please visit: https://www.selenium.dev/documentation/webdriver/troubleshooting/errors#nosuchelementexception
Build info: version: &amp;apos;4.39.0&amp;apos;, revision: &amp;apos;126f156aee&amp;apos;
System info: os.name: &amp;apos;Windows 10&amp;apos;, os.arch: &amp;apos;amd64&amp;apos;, os.version: &amp;apos;10.0&amp;apos;, java.version: &amp;apos;21.0.10&amp;apos;
Driver info: org.openqa.selenium.chrome.ChromeDriver
Command: [9c63fba5ce046e5730d91a5c889d170a, findElement {value=//div[contains(@class,&amp;apos;alert-success&amp;apos;)], using=xpath}]
Capabilities {acceptInsecureCerts: false, browserName: chrome, browserVersion: 147.0.7727.57, chrome: {chromedriverVersion: 147.0.7727.117 (474cc805edd..., userDataDir: C:\Users\91830\AppData\Loca...}, fedcm:accounts: true, goog:chromeOptions: {debuggerAddress: localhost:58446}, goog:processID: 12124, networkConnectionEnabled: false, pageLoadStrategy: normal, platformName: windows, proxy: Proxy(), se:cdp: ws://localhost:58446/devtoo..., se:cdpVersion: 147.0.7727.57, setWindowRect: true, strictFileInteractability: false, timeouts: {implicit: 0, pageLoad: 300000, script: 30000}, unhandledPromptBehavior: dismiss and notify, webauthn:extension:credBlob: true, webauthn:extension:largeBlob: true, webauthn:extension:minPinLength: true, webauthn:extension:prf: true, webauthn:virtualAuthenticators: true}
Session ID: 9c63fba5ce046e5730d91a5c889d170a">
      <![CDATA[org.openqa.selenium.NoSuchElementException: no such element: Unable to locate element: {"method":"xpath","selector":"//div[contains(@class,'alert-success')]"}
  (Session info: chrome=147.0.7727.57)
For documentation on this error, please visit: https://www.selenium.dev/documentation/webdriver/troubleshooting/errors#nosuchelementexception
Build info: version: '4.39.0', revision: '126f156aee'
System info: os.name: 'Windows 10', os.arch: 'amd64', os.version: '10.0', java.version: '21.0.10'
Driver info: org.openqa.selenium.chrome.ChromeDriver
Command: [9c63fba5ce046e5730d91a5c889d170a, findElement {value=//div[contains(@class,'alert-success')], using=xpath}]
Capabilities {acceptInsecureCerts: false, browserName: chrome, browserVersion: 147.0.7727.57, chrome: {chromedriverVersion: 147.0.7727.117 (474cc805edd..., userDataDir: C:\Users\91830\AppData\Loca...}, fedcm:accounts: true, goog:chromeOptions: {debuggerAddress: localhost:58446}, goog:processID: 12124, networkConnectionEnabled: false, pageLoadStrategy: normal, platformName: windows, proxy: Proxy(), se:cdp: ws://localhost:58446/devtoo..., se:cdpVersion: 147.0.7727.57, setWindowRect: true, strictFileInteractability: false, timeouts: {implicit: 0, pageLoad: 300000, script: 30000}, unhandledPromptBehavior: dismiss and notify, webauthn:extension:credBlob: true, webauthn:extension:largeBlob: true, webauthn:extension:minPinLength: true, webauthn:extension:prf: true, webauthn:virtualAuthenticators: true}
Session ID: 9c63fba5ce046e5730d91a5c889d170a
at org.openqa.selenium.remote.ErrorCodec.decode(ErrorCodec.java:167)
at org.openqa.selenium.remote.codec.w3c.W3CHttpResponseCodec.decode(W3CHttpResponseCodec.java:142)
at org.openqa.selenium.remote.codec.w3c.W3CHttpResponseCodec.decode(W3CHttpResponseCodec.java:49)
at org.openqa.selenium.remote.HttpCommandExecutor.execute(HttpCommandExecutor.java:215)
at org.openqa.selenium.remote.service.DriverCommandExecutor.invokeExecute(DriverCommandExecutor.java:216)
at org.openqa.selenium.remote.service.DriverCommandExecutor.execute(DriverCommandExecutor.java:174)
at org.openqa.selenium.remote.RemoteWebDriver.execute(RemoteWebDriver.java:561)
at org.openqa.selenium.remote.ElementLocation$ElementFinder$2.findElement(ElementLocation.java:166)
at org.openqa.selenium.remote.ElementLocation.findElement(ElementLocation.java:60)
at org.openqa.selenium.remote.RemoteWebDriver.findElement(RemoteWebDriver.java:384)
at org.openqa.selenium.remote.RemoteWebDriver.findElement(RemoteWebDriver.java:378)
at org.openqa.selenium.support.pagefactory.DefaultElementLocator.findElement(DefaultElementLocator.java:68)
at org.openqa.selenium.support.pagefactory.internal.LocatingElementHandler.invoke(LocatingElementHandler.java:38)
at jdk.proxy2/jdk.proxy2.$Proxy10.isDisplayed(Unknown Source)
at pages.AdminUserPage.isGreenAlertMsgDispalyed(AdminUserPage.java:57)
at testscript.AdminUserTest.enterAdminUser(AdminUserTest.java:38)
at java.base/java.util.ArrayList.forEach(ArrayList.java:1596)
... Removed 32 stack frames]]>
    </failure>
  </testcase> <!-- enterAdminUser -->
  <testcase classname="testscript.ManageContactTest" name="isAdminAbleToManageContactMethod" time="4.836"/>
  <testcase classname="testscript.ManageCategoryTest" name="isAdminAbleToManageCategorymethod" time="8.704"/>
  <testcase classname="testscript.ManageFooterTextTest" name="isAdminAbleToManageFooterTextMethod" time="4.336"/>
  <testcase classname="testscript.HomeTest" name="logoutSesson" time="2.726"/>
  <testcase classname="testscript.LogInTest" name="verifyTheUserisAbleToSignInUsingInValidUsernameAndValidPassword" time="0.0">
    <ignored/>
  </testcase> <!-- verifyTheUserisAbleToSignInUsingInValidUsernameAndValidPassword -->
  <testcase classname="testscript.LogInTest" name="verifyTheUserisAbleToSignInUsingValidUsernameAndInvalidPassword" time="0.0">
    <ignored/>
  </testcase> <!-- verifyTheUserisAbleToSignInUsingValidUsernameAndInvalidPassword -->
  <testcase classname="testscript.LogInTest" name="verifyTheUserisAbleTosignInUsingInValidCredentials" time="0.0">
    <ignored/>
  </testcase> <!-- verifyTheUserisAbleTosignInUsingInValidCredentials -->
</testsuite> <!-- Test -->
