<?xml version="1.0" encoding="UTF-8"?>
<!-- Generated by org.testng.reporters.JUnitXMLReporter -->
<testsuite ignored="3" hostname="POULINS" failures="0" tests="8" name="Test" time="117.047" errors="0" timestamp="2026-04-28T21:09:40 IST">
  <testcase classname="testscript.LogInTest" name="verifyTheUserisAbleToSignInUsingValidCredentials" time="5.195"/>
  <testcase classname="testscript.ManageNewsTest" name="isAdminAbleToEnterNews" time="2.996"/>
  <testcase classname="testscript.AdminUserTest" name="enterAdminUser" time="8.837">
    <skipped/>
  </testcase> <!-- enterAdminUser -->
  <testcase classname="testscript.AdminUserTest" name="enterAdminUser" time="3.632"/>
  <testcase classname="testscript.ManageContactTest" name="isAdminAbleToManageContactMethod" time="4.229"/>
  <testcase classname="testscript.ManageCategoryTest" name="isAdminAbleToManageCategorymethod" time="6.96"/>
  <testcase classname="testscript.ManageFooterTextTest" name="isAdminAbleToManageFooterTextMethod" time="5.969"/>
  <testcase classname="testscript.HomeTest" name="logoutSesson" time="1.489"/>
  <testcase classname="testscript.LogInTest" name="verifyTheUserisAbleTosignInUsingInValidCredentials" time="0.0">
    <ignored/>
  </testcase> <!-- verifyTheUserisAbleTosignInUsingInValidCredentials -->
  <testcase classname="testscript.LogInTest" name="verifyTheUserisAbleToSignInUsingValidUsernameAndInvalidPassword" time="0.0">
    <ignored/>
  </testcase> <!-- verifyTheUserisAbleToSignInUsingValidUsernameAndInvalidPassword -->
  <testcase classname="testscript.LogInTest" name="verifyTheUserisAbleToSignInUsingInValidUsernameAndValidPassword" time="0.0">
    <ignored/>
  </testcase> <!-- verifyTheUserisAbleToSignInUsingInValidUsernameAndValidPassword -->
</testsuite> <!-- Test -->
