<?xml version="1.0" encoding="UTF-8"?>
<!-- Generated by org.testng.reporters.JUnitReportReporter -->
<testsuite hostname="POULINS" failures="0" tests="3" name="testscript.AdminUserTest" time="61.662" errors="0" timestamp="2026-04-26T14:28:11 IST" skipped="2">
  <testcase classname="testscript.AdminUserTest" name="enterAdminUser" time="22.953">
    <skipped/>
  </testcase> <!-- enterAdminUser -->
  <testcase classname="testscript.AdminUserTest" name="enterAdminUser" time="17.040"/>
  <testcase classname="testscript.AdminUserTest" name="enterAdminUser" time="21.669">
    <skipped/>
  </testcase> <!-- enterAdminUser -->
</testsuite> <!-- testscript.AdminUserTest -->
