<?xml version="1.0" encoding="UTF-8"?>
<!-- Generated by org.testng.reporters.JUnitReportReporter -->
<testsuite hostname="POULINS" failures="0" tests="2" name="testscript.AdminUserTest" time="32.706" errors="0" timestamp="2026-04-28T21:09:41 IST" skipped="1">
  <testcase classname="testscript.AdminUserTest" name="enterAdminUser" time="10.370"/>
  <testcase classname="testscript.AdminUserTest" name="enterAdminUser" time="22.336">
    <skipped/>
  </testcase> <!-- enterAdminUser -->
</testsuite> <!-- testscript.AdminUserTest -->
