<?xml version="1.0" encoding="UTF-8"?>
<testng-results ignored="0" total="1" passed="1" failed="0" skipped="0">
  <reporter-output>
  </reporter-output>
  <suite started-at="2026-04-26T14:36:37 IST" name="Suite" finished-at="2026-04-26T14:37:07 IST" duration-ms="30038">
    <groups>
    </groups>
    <test started-at="2026-04-26T14:36:37 IST" name="Test" finished-at="2026-04-26T14:37:07 IST" duration-ms="30038">
      <class name="testscript.ManageCategoryTest">
        <test-method is-config="true" signature="browserInitialisation(java.lang.String)[pri:0, instance:testscript.ManageCategoryTest@411f53a0]" started-at="2026-04-26T14:36:37 IST" name="browserInitialisation" finished-at="2026-04-26T14:36:46 IST" duration-ms="8612" status="PASS">
          <params>
            <param index="0">
              <value>
                <![CDATA[chrome]]>
              </value>
            </param>
          </params>
          <reporter-output>
          </reporter-output>
        </test-method> <!-- browserInitialisation -->
        <test-method signature="isAdminAbleToManageCategorymethod()[pri:0, instance:testscript.ManageCategoryTest@411f53a0]" started-at="2026-04-26T14:36:46 IST" name="isAdminAbleToManageCategorymethod" description="Checking whether admin able to manage category" finished-at="2026-04-26T14:37:03 IST" duration-ms="16900" status="PASS">
          <reporter-output>
          </reporter-output>
        </test-method> <!-- isAdminAbleToManageCategorymethod -->
        <test-method is-config="true" signature="browserQuitClose()[pri:0, instance:testscript.ManageCategoryTest@411f53a0]" started-at="2026-04-26T14:37:03 IST" name="browserQuitClose" finished-at="2026-04-26T14:37:07 IST" duration-ms="4456" status="PASS">
          <reporter-output>
          </reporter-output>
        </test-method> <!-- browserQuitClose -->
      </class> <!-- testscript.ManageCategoryTest -->
    </test> <!-- Test -->
  </suite> <!-- Suite -->
</testng-results>
