<?xml version="1.0" encoding="UTF-8"?>
<testsuite xmlns:xsi="http://www.w3.org/2001/XMLSchema-instance" xsi:noNamespaceSchemaLocation="https://maven.apache.org/surefire/maven-surefire-plugin/xsd/surefire-test-report-3.0.xsd" version="3.0" name="TestSuite" time="118.927" tests="8" errors="0" skipped="1" failures="0">
  <properties>
[...]
</properties>
  <testcase name="verifyTheUserisAbleToSignInUsingValidCredentials" classname="testscript.LogInTest" time="5.187">
    <system-err><![CDATA[SLF4J(W): No SLF4J providers were found.
SLF4J(W): Defaulting to no-operation (NOP) logger implementation
SLF4J(W): See https://www.slf4j.org/codes.html#noProviders for further details.
Apr 28, 2026 9:07:58 PM org.openqa.selenium.devtools.CdpVersionFinder findNearestMatch
WARNING: Unable to find an exact match for CDP version 147, returning the closest version; found: 143; Please update to a Selenium version that supports CDP version 147
ERROR StatusLogger Log4j2 could not find a logging implementation. Please add log4j-core to the classpath. Using SimpleLogger to log to the console...
]]></system-err>
  </testcase>
  <testcase name="isAdminAbleToEnterNews" classname="testscript.ManageNewsTest" time="2.992">
    <system-err><![CDATA[Apr 28, 2026 9:08:07 PM org.openqa.selenium.devtools.CdpVersionFinder findNearestMatch
WARNING: Unable to find an exact match for CDP version 147, returning the closest version; found: 143; Please update to a Selenium version that supports CDP version 147
]]></system-err>
  </testcase>
  <testcase name="enterAdminUser" classname="testscript.AdminUserTest" time="0">
    <skipped message="no such element: Unable to locate element: {&quot;method&quot;:&quot;xpath&quot;,&quot;selector&quot;:&quot;//div[contains(@class,&apos;alert-success&apos;)]&quot;}&#10;  (Session info: chrome=147.0.7727.116)&#10;For documentation on this error, please visit: https://www.selenium.dev/documentation/webdriver/troubleshooting/errors#nosuchelementexception&#10;Build info: version: &apos;4.39.0&apos;, revision: &apos;126f156aee&apos;&#10;System info: os.name: &apos;Windows 10&apos;, os.arch: &apos;amd64&apos;, os.version: &apos;10.0&apos;, java.version: &apos;21.0.10&apos;&#10;Driver info: org.openqa.selenium.chrome.ChromeDriver&#10;Command: [d16c4fd78ec960299eb51a3a7ee2cece, findElement {value=//div[contains(@class,&apos;alert-success&apos;)], using=xpath}]&#10;Capabilities {acceptInsecureCerts: false, browserName: chrome, browserVersion: 147.0.7727.116, chrome: {chromedriverVersion: 147.0.7727.117 (474cc805edd..., userDataDir: C:\Users\91830\AppData\Loca...}, fedcm:accounts: true, goog:chromeOptions: {debuggerAddress: localhost:54925}, goog:processID: 8232, networkConnectionEnabled: false, pageLoadStrategy: normal, platformName: windows, proxy: Proxy(), se:cdp: ws://localhost:54925/devtoo..., se:cdpVersion: 147.0.7727.116, setWindowRect: true, strictFileInteractability: false, timeouts: {implicit: 0, pageLoad: 300000, script: 30000}, unhandledPromptBehavior: dismiss and notify, webauthn:extension:credBlob: true, webauthn:extension:largeBlob: true, webauthn:extension:minPinLength: true, webauthn:extension:prf: true, webauthn:virtualAuthenticators: true}&#10;Session ID: d16c4fd78ec960299eb51a3a7ee2cece"/>
    <system-err><![CDATA[Apr 28, 2026 9:08:18 PM org.openqa.selenium.devtools.CdpVersionFinder findNearestMatch
WARNING: Unable to find an exact match for CDP version 147, returning the closest version; found: 143; Please update to a Selenium version that supports CDP version 147
]]></system-err>
  </testcase>
  <testcase name="enterAdminUser" classname="testscript.AdminUserTest" time="3.632">
    <system-err><![CDATA[Apr 28, 2026 9:08:39 PM org.openqa.selenium.devtools.CdpVersionFinder findNearestMatch
WARNING: Unable to find an exact match for CDP version 147, returning the closest version; found: 143; Please update to a Selenium version that supports CDP version 147
]]></system-err>
  </testcase>
  <testcase name="isAdminAbleToManageContactMethod" classname="testscript.ManageContactTest" time="4.226">
    <system-err><![CDATA[Apr 28, 2026 9:08:50 PM org.openqa.selenium.devtools.CdpVersionFinder findNearestMatch
WARNING: Unable to find an exact match for CDP version 147, returning the closest version; found: 143; Please update to a Selenium version that supports CDP version 147
]]></system-err>
  </testcase>
  <testcase name="isAdminAbleToManageCategorymethod" classname="testscript.ManageCategoryTest" time="6.957">
    <system-err><![CDATA[Apr 28, 2026 9:09:01 PM org.openqa.selenium.devtools.CdpVersionFinder findNearestMatch
WARNING: Unable to find an exact match for CDP version 147, returning the closest version; found: 143; Please update to a Selenium version that supports CDP version 147
]]></system-err>
  </testcase>
  <testcase name="isAdminAbleToManageFooterTextMethod" classname="testscript.ManageFooterTextTest" time="5.962">
    <system-err><![CDATA[Apr 28, 2026 9:09:17 PM org.openqa.selenium.devtools.CdpVersionFinder findNearestMatch
WARNING: Unable to find an exact match for CDP version 147, returning the closest version; found: 143; Please update to a Selenium version that supports CDP version 147
]]></system-err>
  </testcase>
  <testcase name="logoutSesson" classname="testscript.HomeTest" time="1.489">
    <system-err><![CDATA[Apr 28, 2026 9:09:31 PM org.openqa.selenium.devtools.CdpVersionFinder findNearestMatch
WARNING: Unable to find an exact match for CDP version 147, returning the closest version; found: 143; Please update to a Selenium version that supports CDP version 147
]]></system-err>
  </testcase>
</testsuite>