<?xml version="1.0" encoding="UTF-8"?>
<testng-results retried="1" ignored="3" total="11" passed="7" failed="0" skipped="0">
  <reporter-output>
  </reporter-output>
  <suite started-at="2026-04-28T21:07:43 IST" name="NormalTestXML" finished-at="2026-04-28T21:09:40 IST" duration-ms="117047">
    <groups>
      <group name="regression">
        <method signature="LogInTest.verifyTheUserisAbleToSignInUsingValidCredentials()[pri:1, instance:testscript.LogInTest@59fd97a8]" name="verifyTheUserisAbleToSignInUsingValidCredentials" class="testscript.LogInTest"/>
      </group> <!-- regression -->
    </groups>
    <test started-at="2026-04-28T21:07:43 IST" name="Test" finished-at="2026-04-28T21:09:40 IST" duration-ms="117047">
      <class name="testscript.ManageNewsTest">
        <test-method is-config="true" signature="browserInitialisation(java.lang.String)[pri:0, instance:testscript.ManageNewsTest@4cc451f2]" started-at="2026-04-28T21:08:05 IST" name="browserInitialisation" finished-at="2026-04-28T21:08:12 IST" duration-ms="6275" status="PASS">
          <params>
            <param index="0">
              <value>
                <![CDATA[chrome]]>
              </value>
            </param>
          </params>
          <reporter-output>
          </reporter-output>
        </test-method> <!-- browserInitialisation -->
        <test-method signature="isAdminAbleToEnterNews()[pri:0, instance:testscript.ManageNewsTest@4cc451f2]" started-at="2026-04-28T21:08:12 IST" name="isAdminAbleToEnterNews" description="Checking whether admin able to manage news" finished-at="2026-04-28T21:08:15 IST" duration-ms="2996" status="PASS">
          <reporter-output>
          </reporter-output>
        </test-method> <!-- isAdminAbleToEnterNews -->
        <test-method is-config="true" signature="browserQuit(org.testng.ITestResult)[pri:0, instance:testscript.ManageNewsTest@4cc451f2]" started-at="2026-04-28T21:08:15 IST" name="browserQuit" finished-at="2026-04-28T21:08:15 IST" duration-ms="371" status="PASS">
          <params>
            <param index="0">
              <value>
                <![CDATA[[TestResult name=isAdminAbleToEnterNews status=SUCCESS method=ManageNewsTest.isAdminAbleToEnterNews()[pri:0, instance:testscript.ManageNewsTest@4cc451f2] output={null}]]]>
              </value>
            </param>
          </params>
          <reporter-output>
          </reporter-output>
        </test-method> <!-- browserQuit -->
      </class> <!-- testscript.ManageNewsTest -->
      <class name="testscript.ManageContactTest">
        <test-method is-config="true" signature="browserInitialisation(java.lang.String)[pri:0, instance:testscript.ManageContactTest@59309333]" started-at="2026-04-28T21:08:48 IST" name="browserInitialisation" finished-at="2026-04-28T21:08:55 IST" duration-ms="6921" status="PASS">
          <params>
            <param index="0">
              <value>
                <![CDATA[chrome]]>
              </value>
            </param>
          </params>
          <reporter-output>
          </reporter-output>
        </test-method> <!-- browserInitialisation -->
        <test-method signature="isAdminAbleToManageContactMethod()[pri:0, instance:testscript.ManageContactTest@59309333]" started-at="2026-04-28T21:08:55 IST" name="isAdminAbleToManageContactMethod" description="Checking whether admin able to manage contact" finished-at="2026-04-28T21:08:59 IST" duration-ms="4229" status="PASS">
          <reporter-output>
          </reporter-output>
        </test-method> <!-- isAdminAbleToManageContactMethod -->
        <test-method is-config="true" signature="browserQuit(org.testng.ITestResult)[pri:0, instance:testscript.ManageContactTest@59309333]" started-at="2026-04-28T21:08:59 IST" name="browserQuit" finished-at="2026-04-28T21:08:59 IST" duration-ms="351" status="PASS">
          <params>
            <param index="0">
              <value>
                <![CDATA[[TestResult name=isAdminAbleToManageContactMethod status=SUCCESS method=ManageContactTest.isAdminAbleToManageContactMethod()[pri:0, instance:testscript.ManageContactTest@59309333] output={null}]]]>
              </value>
            </param>
          </params>
          <reporter-output>
          </reporter-output>
        </test-method> <!-- browserQuit -->
      </class> <!-- testscript.ManageContactTest -->
      <class name="testscript.LogInTest">
        <test-method is-config="true" signature="browserInitialisation(java.lang.String)[pri:0, instance:testscript.LogInTest@59fd97a8]" started-at="2026-04-28T21:07:43 IST" name="browserInitialisation" finished-at="2026-04-28T21:08:00 IST" duration-ms="16721" status="PASS">
          <params>
            <param index="0">
              <value>
                <![CDATA[chrome]]>
              </value>
            </param>
          </params>
          <reporter-output>
          </reporter-output>
        </test-method> <!-- browserInitialisation -->
        <test-method signature="verifyTheUserisAbleToSignInUsingValidCredentials()[pri:1, instance:testscript.LogInTest@59fd97a8]" started-at="2026-04-28T21:08:00 IST" name="verifyTheUserisAbleToSignInUsingValidCredentials" description="verifyTheUserisAbleToSignInUsingValidCredentials" finished-at="2026-04-28T21:08:05 IST" duration-ms="5195" status="PASS">
          <reporter-output>
          </reporter-output>
        </test-method> <!-- verifyTheUserisAbleToSignInUsingValidCredentials -->
        <test-method is-config="true" signature="browserQuit(org.testng.ITestResult)[pri:0, instance:testscript.LogInTest@59fd97a8]" started-at="2026-04-28T21:08:05 IST" name="browserQuit" finished-at="2026-04-28T21:08:05 IST" duration-ms="442" status="PASS">
          <params>
            <param index="0">
              <value>
                <![CDATA[[TestResult name=verifyTheUserisAbleToSignInUsingValidCredentials status=SUCCESS method=LogInTest.verifyTheUserisAbleToSignInUsingValidCredentials()[pri:1, instance:testscript.LogInTest@59fd97a8] output={null}]]]>
              </value>
            </param>
          </params>
          <reporter-output>
          </reporter-output>
        </test-method> <!-- browserQuit -->
      </class> <!-- testscript.LogInTest -->
      <class name="testscript.HomeTest">
        <test-method is-config="true" signature="browserInitialisation(java.lang.String)[pri:0, instance:testscript.HomeTest@5b239d7d]" started-at="2026-04-28T21:09:29 IST" name="browserInitialisation" finished-at="2026-04-28T21:09:38 IST" duration-ms="8530" status="PASS">
          <params>
            <param index="0">
              <value>
                <![CDATA[chrome]]>
              </value>
            </param>
          </params>
          <reporter-output>
          </reporter-output>
        </test-method> <!-- browserInitialisation -->
        <test-method signature="logoutSesson()[pri:0, instance:testscript.HomeTest@5b239d7d]" started-at="2026-04-28T21:09:38 IST" name="logoutSesson" finished-at="2026-04-28T21:09:39 IST" duration-ms="1489" status="PASS">
          <reporter-output>
          </reporter-output>
        </test-method> <!-- logoutSesson -->
        <test-method is-config="true" signature="browserQuit(org.testng.ITestResult)[pri:0, instance:testscript.HomeTest@5b239d7d]" started-at="2026-04-28T21:09:39 IST" name="browserQuit" finished-at="2026-04-28T21:09:40 IST" duration-ms="442" status="PASS">
          <params>
            <param index="0">
              <value>
                <![CDATA[[TestResult name=logoutSesson status=SUCCESS method=HomeTest.logoutSesson()[pri:0, instance:testscript.HomeTest@5b239d7d] output={null}]]]>
              </value>
            </param>
          </params>
          <reporter-output>
          </reporter-output>
        </test-method> <!-- browserQuit -->
      </class> <!-- testscript.HomeTest -->
      <class name="testscript.AdminUserTest">
        <test-method is-config="true" signature="browserInitialisation(java.lang.String)[pri:0, instance:testscript.AdminUserTest@1aa7ecca]" started-at="2026-04-28T21:08:15 IST" name="browserInitialisation" finished-at="2026-04-28T21:08:28 IST" duration-ms="13211" status="PASS">
          <params>
            <param index="0">
              <value>
                <![CDATA[chrome]]>
              </value>
            </param>
          </params>
          <reporter-output>
          </reporter-output>
        </test-method> <!-- browserInitialisation -->
        <test-method retried="true" signature="enterAdminUser()[pri:0, instance:testscript.AdminUserTest@1aa7ecca]" started-at="2026-04-28T21:08:28 IST" name="enterAdminUser" finished-at="2026-04-28T21:08:37 IST" duration-ms="8837" status="SKIP">
          <exception class="org.openqa.selenium.NoSuchElementException">
            <message>
              <![CDATA[no such element: Unable to locate element: {"method":"xpath","selector":"//div[contains(@class,'alert-success')]"}
  (Session info: chrome=147.0.7727.116)
For documentation on this error, please visit: https://www.selenium.dev/documentation/webdriver/troubleshooting/errors#nosuchelementexception
Build info: version: '4.39.0', revision: '126f156aee'
System info: os.name: 'Windows 10', os.arch: 'amd64', os.version: '10.0', java.version: '21.0.10'
Driver info: org.openqa.selenium.chrome.ChromeDriver
Command: [d16c4fd78ec960299eb51a3a7ee2cece, findElement {value=//div[contains(@class,'alert-success')], using=xpath}]
Capabilities {acceptInsecureCerts: false, browserName: chrome, browserVersion: 147.0.7727.116, chrome: {chromedriverVersion: 147.0.7727.117 (474cc805edd..., userDataDir: C:\Users\91830\AppData\Loca...}, fedcm:accounts: true, goog:chromeOptions: {debuggerAddress: localhost:54925}, goog:processID: 8232, networkConnectionEnabled: false, pageLoadStrategy: normal, platformName: windows, proxy: Proxy(), se:cdp: ws://localhost:54925/devtoo..., se:cdpVersion: 147.0.7727.116, setWindowRect: true, strictFileInteractability: false, timeouts: {implicit: 0, pageLoad: 300000, script: 30000}, unhandledPromptBehavior: dismiss and notify, webauthn:extension:credBlob: true, webauthn:extension:largeBlob: true, webauthn:extension:minPinLength: true, webauthn:extension:prf: true, webauthn:virtualAuthenticators: true}
Session ID: d16c4fd78ec960299eb51a3a7ee2cece]]>
            </message>
            <full-stacktrace>
              <![CDATA[org.openqa.selenium.NoSuchElementException: no such element: Unable to locate element: {"method":"xpath","selector":"//div[contains(@class,'alert-success')]"}
  (Session info: chrome=147.0.7727.116)
For documentation on this error, please visit: https://www.selenium.dev/documentation/webdriver/troubleshooting/errors#nosuchelementexception
Build info: version: '4.39.0', revision: '126f156aee'
System info: os.name: 'Windows 10', os.arch: 'amd64', os.version: '10.0', java.version: '21.0.10'
Driver info: org.openqa.selenium.chrome.ChromeDriver
Command: [d16c4fd78ec960299eb51a3a7ee2cece, findElement {value=//div[contains(@class,'alert-success')], using=xpath}]
Capabilities {acceptInsecureCerts: false, browserName: chrome, browserVersion: 147.0.7727.116, chrome: {chromedriverVersion: 147.0.7727.117 (474cc805edd..., userDataDir: C:\Users\91830\AppData\Loca...}, fedcm:accounts: true, goog:chromeOptions: {debuggerAddress: localhost:54925}, goog:processID: 8232, networkConnectionEnabled: false, pageLoadStrategy: normal, platformName: windows, proxy: Proxy(), se:cdp: ws://localhost:54925/devtoo..., se:cdpVersion: 147.0.7727.116, setWindowRect: true, strictFileInteractability: false, timeouts: {implicit: 0, pageLoad: 300000, script: 30000}, unhandledPromptBehavior: dismiss and notify, webauthn:extension:credBlob: true, webauthn:extension:largeBlob: true, webauthn:extension:minPinLength: true, webauthn:extension:prf: true, webauthn:virtualAuthenticators: true}
Session ID: d16c4fd78ec960299eb51a3a7ee2cece
at java.base/jdk.internal.reflect.DirectConstructorHandleAccessor.newInstance(DirectConstructorHandleAccessor.java:62)
at java.base/java.lang.reflect.Constructor.newInstanceWithCaller(Constructor.java:502)
at java.base/java.lang.reflect.Constructor.newInstance(Constructor.java:486)
at org.openqa.selenium.remote.ErrorCodec.decode(ErrorCodec.java:167)
at org.openqa.selenium.remote.codec.w3c.W3CHttpResponseCodec.decode(W3CHttpResponseCodec.java:142)
at org.openqa.selenium.remote.codec.w3c.W3CHttpResponseCodec.decode(W3CHttpResponseCodec.java:49)
at org.openqa.selenium.remote.HttpCommandExecutor.execute(HttpCommandExecutor.java:215)
at org.openqa.selenium.remote.service.DriverCommandExecutor.invokeExecute(DriverCommandExecutor.java:216)
at org.openqa.selenium.remote.service.DriverCommandExecutor.execute(DriverCommandExecutor.java:174)
at org.openqa.selenium.remote.RemoteWebDriver.execute(RemoteWebDriver.java:561)
at org.openqa.selenium.remote.ElementLocation$ElementFinder$2.findElement(ElementLocation.java:166)
at org.openqa.selenium.remote.ElementLocation.findElement(ElementLocation.java:60)
at org.openqa.selenium.remote.RemoteWebDriver.findElement(RemoteWebDriver.java:384)
at org.openqa.selenium.remote.RemoteWebDriver.findElement(RemoteWebDriver.java:378)
at org.openqa.selenium.support.pagefactory.DefaultElementLocator.findElement(DefaultElementLocator.java:68)
at org.openqa.selenium.support.pagefactory.internal.LocatingElementHandler.invoke(LocatingElementHandler.java:38)
at jdk.proxy2/jdk.proxy2.$Proxy10.isDisplayed(Unknown Source)
at pages.AdminUserPage.isGreenAlertMsgDispalyed(AdminUserPage.java:57)
at testscript.AdminUserTest.enterAdminUser(AdminUserTest.java:39)
at java.base/jdk.internal.reflect.DirectMethodHandleAccessor.invoke(DirectMethodHandleAccessor.java:103)
at java.base/java.lang.reflect.Method.invoke(Method.java:580)
at org.testng.internal.invokers.MethodInvocationHelper.invokeMethod(MethodInvocationHelper.java:141)
at org.testng.internal.invokers.TestInvoker.invokeMethod(TestInvoker.java:687)
at org.testng.internal.invokers.TestInvoker.invokeTestMethod(TestInvoker.java:230)
at org.testng.internal.invokers.MethodRunner.runInSequence(MethodRunner.java:63)
at org.testng.internal.invokers.TestInvoker$MethodInvocationAgent.invoke(TestInvoker.java:995)
at org.testng.internal.invokers.TestInvoker.invokeTestMethods(TestInvoker.java:203)
at org.testng.internal.invokers.TestMethodWorker.invokeTestMethods(TestMethodWorker.java:154)
at org.testng.internal.invokers.TestMethodWorker.run(TestMethodWorker.java:134)
at java.base/java.util.ArrayList.forEach(ArrayList.java:1596)
at org.testng.TestRunner.privateRun(TestRunner.java:741)
at org.testng.TestRunner.run(TestRunner.java:616)
at org.testng.SuiteRunner.runTest(SuiteRunner.java:421)
at org.testng.SuiteRunner.runSequentially(SuiteRunner.java:413)
at org.testng.SuiteRunner.privateRun(SuiteRunner.java:373)
at org.testng.SuiteRunner.run(SuiteRunner.java:312)
at org.testng.SuiteRunnerWorker.runSuite(SuiteRunnerWorker.java:52)
at org.testng.SuiteRunnerWorker.run(SuiteRunnerWorker.java:95)
at org.testng.TestNG.runSuitesSequentially(TestNG.java:1274)
at org.testng.TestNG.runSuitesLocally(TestNG.java:1208)
at org.testng.TestNG.runSuites(TestNG.java:1112)
at org.testng.TestNG.run(TestNG.java:1079)
at org.apache.maven.surefire.testng.TestNGExecutor.run(TestNGExecutor.java:284)
at org.apache.maven.surefire.testng.TestNGXmlTestSuite.execute(TestNGXmlTestSuite.java:75)
at org.apache.maven.surefire.testng.TestNGProvider.invoke(TestNGProvider.java:119)
at org.apache.maven.surefire.booter.ForkedBooter.runSuitesInProcess(ForkedBooter.java:428)
at org.apache.maven.surefire.booter.ForkedBooter.execute(ForkedBooter.java:162)
at org.apache.maven.surefire.booter.ForkedBooter.run(ForkedBooter.java:562)
at org.apache.maven.surefire.booter.ForkedBooter.main(ForkedBooter.java:548)
]]>
            </full-stacktrace>
          </exception> <!-- org.openqa.selenium.NoSuchElementException -->
          <reporter-output>
          </reporter-output>
        </test-method> <!-- enterAdminUser -->
        <test-method is-config="true" signature="browserQuit(org.testng.ITestResult)[pri:0, instance:testscript.AdminUserTest@1aa7ecca]" started-at="2026-04-28T21:08:37 IST" name="browserQuit" finished-at="2026-04-28T21:08:37 IST" duration-ms="373" status="PASS">
          <params>
            <param index="0">
              <value>
                <![CDATA[[TestResult name=enterAdminUser status=SKIP method=AdminUserTest.enterAdminUser()[pri:0, instance:testscript.AdminUserTest@1aa7ecca] output={null}]]]>
              </value>
            </param>
          </params>
          <reporter-output>
          </reporter-output>
        </test-method> <!-- browserQuit -->
        <test-method is-config="true" signature="browserInitialisation(java.lang.String)[pri:0, instance:testscript.AdminUserTest@1aa7ecca]" started-at="2026-04-28T21:08:37 IST" name="browserInitialisation" finished-at="2026-04-28T21:08:44 IST" duration-ms="6365" status="PASS">
          <params>
            <param index="0">
              <value>
                <![CDATA[chrome]]>
              </value>
            </param>
          </params>
          <reporter-output>
          </reporter-output>
        </test-method> <!-- browserInitialisation -->
        <test-method signature="enterAdminUser()[pri:0, instance:testscript.AdminUserTest@1aa7ecca]" started-at="2026-04-28T21:08:44 IST" name="enterAdminUser" finished-at="2026-04-28T21:08:47 IST" duration-ms="3632" status="PASS">
          <reporter-output>
          </reporter-output>
        </test-method> <!-- enterAdminUser -->
        <test-method is-config="true" signature="browserQuit(org.testng.ITestResult)[pri:0, instance:testscript.AdminUserTest@1aa7ecca]" started-at="2026-04-28T21:08:47 IST" name="browserQuit" finished-at="2026-04-28T21:08:48 IST" duration-ms="288" status="PASS">
          <params>
            <param index="0">
              <value>
                <![CDATA[[TestResult name=enterAdminUser status=SUCCESS method=AdminUserTest.enterAdminUser()[pri:0, instance:testscript.AdminUserTest@1aa7ecca] output={null}]]]>
              </value>
            </param>
          </params>
          <reporter-output>
          </reporter-output>
        </test-method> <!-- browserQuit -->
      </class> <!-- testscript.AdminUserTest -->
      <class name="testscript.ManageFooterTextTest">
        <test-method is-config="true" signature="browserInitialisation(java.lang.String)[pri:0, instance:testscript.ManageFooterTextTest@7ec7ffd3]" started-at="2026-04-28T21:09:15 IST" name="browserInitialisation" finished-at="2026-04-28T21:09:23 IST" duration-ms="8394" status="PASS">
          <params>
            <param index="0">
              <value>
                <![CDATA[chrome]]>
              </value>
            </param>
          </params>
          <reporter-output>
          </reporter-output>
        </test-method> <!-- browserInitialisation -->
        <test-method signature="isAdminAbleToManageFooterTextMethod()[pri:0, instance:testscript.ManageFooterTextTest@7ec7ffd3]" started-at="2026-04-28T21:09:23 IST" name="isAdminAbleToManageFooterTextMethod" description="Checking whether admin able to manage footer text" finished-at="2026-04-28T21:09:29 IST" duration-ms="5969" status="PASS">
          <reporter-output>
          </reporter-output>
        </test-method> <!-- isAdminAbleToManageFooterTextMethod -->
        <test-method is-config="true" signature="browserQuit(org.testng.ITestResult)[pri:0, instance:testscript.ManageFooterTextTest@7ec7ffd3]" started-at="2026-04-28T21:09:29 IST" name="browserQuit" finished-at="2026-04-28T21:09:29 IST" duration-ms="275" status="PASS">
          <params>
            <param index="0">
              <value>
                <![CDATA[[TestResult name=isAdminAbleToManageFooterTextMethod status=SUCCESS method=ManageFooterTextTest.isAdminAbleToManageFooterTextMethod()[pri:0, instance:testscript.ManageFooterTextTest@7ec7ffd3] output={null}]]]>
              </value>
            </param>
          </params>
          <reporter-output>
          </reporter-output>
        </test-method> <!-- browserQuit -->
      </class> <!-- testscript.ManageFooterTextTest -->
      <class name="testscript.ManageCategoryTest">
        <test-method is-config="true" signature="browserInitialisation(java.lang.String)[pri:0, instance:testscript.ManageCategoryTest@5876a9af]" started-at="2026-04-28T21:08:59 IST" name="browserInitialisation" finished-at="2026-04-28T21:09:07 IST" duration-ms="8238" status="PASS">
          <params>
            <param index="0">
              <value>
                <![CDATA[chrome]]>
              </value>
            </param>
          </params>
          <reporter-output>
          </reporter-output>
        </test-method> <!-- browserInitialisation -->
        <test-method signature="isAdminAbleToManageCategorymethod()[pri:0, instance:testscript.ManageCategoryTest@5876a9af]" started-at="2026-04-28T21:09:07 IST" name="isAdminAbleToManageCategorymethod" description="Checking whether admin able to manage category" finished-at="2026-04-28T21:09:14 IST" duration-ms="6960" status="PASS">
          <reporter-output>
          </reporter-output>
        </test-method> <!-- isAdminAbleToManageCategorymethod -->
        <test-method is-config="true" signature="browserQuit(org.testng.ITestResult)[pri:0, instance:testscript.ManageCategoryTest@5876a9af]" started-at="2026-04-28T21:09:14 IST" name="browserQuit" finished-at="2026-04-28T21:09:15 IST" duration-ms="393" status="PASS">
          <params>
            <param index="0">
              <value>
                <![CDATA[[TestResult name=isAdminAbleToManageCategorymethod status=SUCCESS method=ManageCategoryTest.isAdminAbleToManageCategorymethod()[pri:0, instance:testscript.ManageCategoryTest@5876a9af] output={null}]]]>
              </value>
            </param>
          </params>
          <reporter-output>
          </reporter-output>
        </test-method> <!-- browserQuit -->
      </class> <!-- testscript.ManageCategoryTest -->
    </test> <!-- Test -->
  </suite> <!-- NormalTestXML -->
</testng-results>
